android/app/build/intermediates/manifest_merge_blame_file/debug/manifest-merger-blame-debug-report.txt
1<?xml version="1.0" encoding="utf-8"?>
2<manifest xmlns:android="http://schemas.android.com/apk/res/android"
3    package="com.fundoonotes"
4    android:versionCode="1"
5    android:versionName="1.0" >
6
7    <uses-sdk
8        android:minSdkVersion="16"
9        android:targetSdkVersion="28" />
10
11    <uses-permission android:name="android.permission.SYSTEM_ALERT_WINDOW" />
11-->src/debug/AndroidManifest.xml:5:5-77
11-->src/debug/AndroidManifest.xml:5:22-75
12    <uses-permission android:name="android.permission.INTERNET" />
12-->src/main/AndroidManifest.xml:4:5-67
12-->src/main/AndroidManifest.xml:4:22-64
13    <uses-permission android:name="android.permission.CAMERA" />
13-->src/main/AndroidManifest.xml:5:5-64
13-->src/main/AndroidManifest.xml:5:22-62
14    <uses-permission android:name="android.permission.READ_EXTERNAL_STORAGE" />
14-->src/main/AndroidManifest.xml:6:5-79
14-->src/main/AndroidManifest.xml:6:22-77
15    <uses-permission android:name="android.permission.WRITE_EXTERNAL_STORAGE" />
15-->src/main/AndroidManifest.xml:7:5-80
15-->src/main/AndroidManifest.xml:7:22-78
16    <uses-permission android:name="android.permission.ACCESS_FINE_LOCATION" />
16-->src/main/AndroidManifest.xml:8:5-78
16-->src/main/AndroidManifest.xml:8:22-76
17    <uses-permission android:name="android.permission.WAKE_LOCK" />
17-->src/main/AndroidManifest.xml:9:5-68
17-->src/main/AndroidManifest.xml:9:22-65
18
19    <permission
19-->src/main/AndroidManifest.xml:10:5-12:47
20        android:name="com.fundoonotes.permission.C2D_MESSAGE"
20-->src/main/AndroidManifest.xml:11:9-62
21        android:protectionLevel="signature" />
21-->src/main/AndroidManifest.xml:12:9-44
22
23    <uses-permission android:name="com.fundoonotes.permission.C2D_MESSAGE" />
23-->src/main/AndroidManifest.xml:13:5-78
23-->src/main/AndroidManifest.xml:13:22-75
24    <uses-permission android:name="android.permission.VIBRATE" />
24-->src/main/AndroidManifest.xml:14:5-66
24-->src/main/AndroidManifest.xml:14:22-63
25    <uses-permission android:name="android.permission.RECEIVE_BOOT_COMPLETED" /> <!-- Required by older versions of Google Play services to create GCM registration tokens -->
25-->src/main/AndroidManifest.xml:15:5-80
25-->src/main/AndroidManifest.xml:15:22-78
26    <uses-permission android:name="com.google.android.c2dm.permission.RECEIVE" /> <!-- for android -->
26-->[com.google.android.gms:play-services-gcm:17.0.0] AndroidManifest.xml:23:5-82
26-->[com.google.android.gms:play-services-gcm:17.0.0] AndroidManifest.xml:23:22-79
27    <!-- <uses-permission android:name="com.android.launcher.permission.READ_SETTINGS"/> -->
28    <!-- <uses-permission android:name="com.android.launcher.permission.WRITE_SETTINGS"/> -->
29    <!-- <uses-permission android:name="com.android.launcher.permission.INSTALL_SHORTCUT" /> -->
30    <!-- <uses-permission android:name="com.android.launcher.permission.UNINSTALL_SHORTCUT" /> -->
31    <!-- for Samsung -->
32    <uses-permission android:name="com.sec.android.provider.badge.permission.READ" />
32-->[me.leolin:ShortcutBadger:1.1.8] AndroidManifest.xml:19:5-86
32-->[me.leolin:ShortcutBadger:1.1.8] AndroidManifest.xml:19:22-83
33    <uses-permission android:name="com.sec.android.provider.badge.permission.WRITE" /> <!-- for htc -->
33-->[me.leolin:ShortcutBadger:1.1.8] AndroidManifest.xml:20:5-87
33-->[me.leolin:ShortcutBadger:1.1.8] AndroidManifest.xml:20:22-84
34    <uses-permission android:name="com.htc.launcher.permission.READ_SETTINGS" />
34-->[me.leolin:ShortcutBadger:1.1.8] AndroidManifest.xml:23:5-81
34-->[me.leolin:ShortcutBadger:1.1.8] AndroidManifest.xml:23:22-78
35    <uses-permission android:name="com.htc.launcher.permission.UPDATE_SHORTCUT" /> <!-- for sony -->
35-->[me.leolin:ShortcutBadger:1.1.8] AndroidManifest.xml:24:5-83
35-->[me.leolin:ShortcutBadger:1.1.8] AndroidManifest.xml:24:22-80
36    <uses-permission android:name="com.sonyericsson.home.permission.BROADCAST_BADGE" />
36-->[me.leolin:ShortcutBadger:1.1.8] AndroidManifest.xml:27:5-88
36-->[me.leolin:ShortcutBadger:1.1.8] AndroidManifest.xml:27:22-85
37    <uses-permission android:name="com.sonymobile.home.permission.PROVIDER_INSERT_BADGE" /> <!-- for apex -->
37-->[me.leolin:ShortcutBadger:1.1.8] AndroidManifest.xml:28:5-92
37-->[me.leolin:ShortcutBadger:1.1.8] AndroidManifest.xml:28:22-89
38    <uses-permission android:name="com.anddoes.launcher.permission.UPDATE_COUNT" /> <!-- for solid -->
38-->[me.leolin:ShortcutBadger:1.1.8] AndroidManifest.xml:31:5-84
38-->[me.leolin:ShortcutBadger:1.1.8] AndroidManifest.xml:31:22-81
39    <uses-permission android:name="com.majeur.launcher.permission.UPDATE_BADGE" /> <!-- for huawei -->
39-->[me.leolin:ShortcutBadger:1.1.8] AndroidManifest.xml:34:5-83
39-->[me.leolin:ShortcutBadger:1.1.8] AndroidManifest.xml:34:22-80
40    <uses-permission android:name="com.huawei.android.launcher.permission.CHANGE_BADGE" />
40-->[me.leolin:ShortcutBadger:1.1.8] AndroidManifest.xml:37:5-91
40-->[me.leolin:ShortcutBadger:1.1.8] AndroidManifest.xml:37:22-88
41    <uses-permission android:name="com.huawei.android.launcher.permission.READ_SETTINGS" />
41-->[me.leolin:ShortcutBadger:1.1.8] AndroidManifest.xml:38:5-92
41-->[me.leolin:ShortcutBadger:1.1.8] AndroidManifest.xml:38:22-89
42    <uses-permission android:name="com.huawei.android.launcher.permission.WRITE_SETTINGS" /> <!-- Although the *SdkVersion is captured in gradle build files, this is required for non gradle builds -->
42-->[me.leolin:ShortcutBadger:1.1.8] AndroidManifest.xml:39:5-93
42-->[me.leolin:ShortcutBadger:1.1.8] AndroidManifest.xml:39:22-90
43    <!-- <uses-sdk android:minSdkVersion="14"/> -->
44    <uses-permission android:name="android.permission.ACCESS_NETWORK_STATE" />
44-->[com.google.android.datatransport:transport-backend-cct:2.2.0] AndroidManifest.xml:25:5-79
44-->[com.google.android.datatransport:transport-backend-cct:2.2.0] AndroidManifest.xml:25:22-76
45
46    <application
46-->src/main/AndroidManifest.xml:17:5-88:19
47        android:name="com.fundoonotes.MainApplication"
47-->src/main/AndroidManifest.xml:18:7-38
48        android:allowBackup="false"
48-->src/main/AndroidManifest.xml:22:7-34
49        android:appComponentFactory="androidx.core.app.CoreComponentFactory"
49-->[androidx.core:core:1.1.0] AndroidManifest.xml:24:18-86
50        android:debuggable="true"
51        android:icon="@mipmap/ic_launcher"
51-->src/main/AndroidManifest.xml:20:7-41
52        android:label="@string/app_name"
52-->src/main/AndroidManifest.xml:19:7-39
53        android:roundIcon="@mipmap/ic_launcher_round"
53-->src/main/AndroidManifest.xml:21:7-52
54        android:theme="@style/AppTheme"
54-->src/main/AndroidManifest.xml:23:7-38
55        android:usesCleartextTraffic="true" >
55-->src/debug/AndroidManifest.xml:7:18-53
56        <activity
56-->src/main/AndroidManifest.xml:24:7-40:18
57            android:name="com.fundoonotes.MainActivity"
57-->src/main/AndroidManifest.xml:25:9-37
58            android:configChanges="keyboard|keyboardHidden|orientation|screenSize"
58-->src/main/AndroidManifest.xml:27:9-79
59            android:label="@string/app_name"
59-->src/main/AndroidManifest.xml:26:9-41
60            android:launchMode="singleTask"
60-->src/main/AndroidManifest.xml:29:11-42
61            android:windowSoftInputMode="adjustResize" >
61-->src/main/AndroidManifest.xml:28:9-51
62            <intent-filter>
62-->src/main/AndroidManifest.xml:30:9-33:25
63                <action android:name="android.intent.action.MAIN" />
63-->src/main/AndroidManifest.xml:31:13-65
63-->src/main/AndroidManifest.xml:31:21-62
64
65                <category android:name="android.intent.category.LAUNCHER" />
65-->src/main/AndroidManifest.xml:32:13-73
65-->src/main/AndroidManifest.xml:32:23-70
66            </intent-filter>
67            <intent-filter>
67-->src/main/AndroidManifest.xml:34:9-39:25
68                <action android:name="android.intent.action.VIEW" />
68-->src/main/AndroidManifest.xml:35:13-65
68-->src/main/AndroidManifest.xml:35:21-62
69
70                <category android:name="android.intent.category.DEFAULT" />
70-->src/main/AndroidManifest.xml:36:13-72
70-->src/main/AndroidManifest.xml:36:23-69
71                <category android:name="android.intent.category.BROWSABLE" />
71-->src/main/AndroidManifest.xml:37:13-74
71-->src/main/AndroidManifest.xml:37:23-71
72
73                <data android:scheme="fundoonotes" />
73-->src/main/AndroidManifest.xml:38:13-50
73-->src/main/AndroidManifest.xml:38:19-47
74            </intent-filter>
75        </activity>
76        <activity android:name="com.facebook.react.devsupport.DevSettingsActivity" />
76-->src/main/AndroidManifest.xml:41:7-84
76-->src/main/AndroidManifest.xml:41:17-81
77
78        <meta-data
78-->src/main/AndroidManifest.xml:42:9-43:38
79            android:name="com.dieam.reactnativepushnotification.notification_channel_name"
79-->src/main/AndroidManifest.xml:42:21-99
80            android:value="Itzz_mj" />
80-->src/main/AndroidManifest.xml:43:13-36
81        <meta-data
81-->src/main/AndroidManifest.xml:44:9-45:68
82            android:name="com.dieam.reactnativepushnotification.notification_channel_description"
82-->src/main/AndroidManifest.xml:44:21-106
83            android:value="YOUR NOTIFICATION CHANNEL DESCRIPTION" /> <!-- Change the resource name to your App's accent color - or any other color you want -->
83-->src/main/AndroidManifest.xml:45:13-66
84        <meta-data
84-->src/main/AndroidManifest.xml:47:9-48:54
85            android:name="com.dieam.reactnativepushnotification.notification_color"
85-->src/main/AndroidManifest.xml:47:21-92
86            android:resource="@android:color/white" /> <!-- < Only if you're using GCM or localNotificationSchedule() > -->
86-->src/main/AndroidManifest.xml:48:13-52
87        <receiver
87-->src/main/AndroidManifest.xml:51:9-59:20
88            android:name="com.google.android.gms.gcm.GcmReceiver"
88-->src/main/AndroidManifest.xml:52:13-66
89            android:exported="true"
89-->src/main/AndroidManifest.xml:53:13-36
90            android:permission="com.google.android.c2dm.permission.SEND" >
90-->src/main/AndroidManifest.xml:54:13-73
91            <intent-filter>
91-->src/main/AndroidManifest.xml:55:13-58:29
92                <action android:name="com.google.android.c2dm.intent.RECEIVE" />
92-->src/main/AndroidManifest.xml:56:17-81
92-->src/main/AndroidManifest.xml:56:25-78
93
94                <category android:name="com.fundoonotes" />
94-->src/main/AndroidManifest.xml:57:17-60
94-->src/main/AndroidManifest.xml:57:27-57
95            </intent-filter>
96        </receiver> <!-- < Only if you're using GCM or localNotificationSchedule() > -->
97        <receiver android:name="com.dieam.reactnativepushnotification.modules.RNPushNotificationPublisher" />
97-->src/main/AndroidManifest.xml:62:9-110
97-->src/main/AndroidManifest.xml:62:19-107
98        <receiver android:name="com.dieam.reactnativepushnotification.modules.RNPushNotificationBootEventReceiver" >
98-->src/main/AndroidManifest.xml:63:9-67:20
98-->src/main/AndroidManifest.xml:63:19-115
99            <intent-filter>
99-->src/main/AndroidManifest.xml:64:13-66:29
100                <action android:name="android.intent.action.BOOT_COMPLETED" />
100-->src/main/AndroidManifest.xml:65:17-79
100-->src/main/AndroidManifest.xml:65:25-76
101            </intent-filter>
102        </receiver>
103
104        <service android:name="com.dieam.reactnativepushnotification.modules.RNPushNotificationRegistrationService" /> <!-- < Only if you're using GCM or localNotificationSchedule() > -->
104-->src/main/AndroidManifest.xml:68:9-118
104-->src/main/AndroidManifest.xml:68:18-116
105        <service
105-->src/main/AndroidManifest.xml:71:9-77:19
106            android:name="com.dieam.reactnativepushnotification.modules.RNPushNotificationListenerServiceGcm"
106-->src/main/AndroidManifest.xml:72:13-110
107            android:exported="false" >
107-->src/main/AndroidManifest.xml:73:13-37
108            <intent-filter>
108-->src/main/AndroidManifest.xml:74:13-76:29
109                <action android:name="com.google.android.c2dm.intent.RECEIVE" />
109-->src/main/AndroidManifest.xml:56:17-81
109-->src/main/AndroidManifest.xml:56:25-78
110            </intent-filter>
111        </service> <!-- </ Only if you're using GCM or localNotificationSchedule() > -->
112        <!-- < Else > -->
113        <service
113-->src/main/AndroidManifest.xml:81:9-87:19
114            android:name="com.dieam.reactnativepushnotification.modules.RNPushNotificationListenerService"
114-->src/main/AndroidManifest.xml:82:13-107
115            android:exported="false" >
115-->src/main/AndroidManifest.xml:83:13-37
116            <intent-filter>
116-->src/main/AndroidManifest.xml:84:13-86:29
117                <action android:name="com.google.firebase.MESSAGING_EVENT" />
117-->src/main/AndroidManifest.xml:85:17-78
117-->src/main/AndroidManifest.xml:85:25-75
118            </intent-filter>
119        </service>
120
121        <provider
121-->[:react-native-image-picker] AndroidManifest.xml:10:9-18:20
122            android:name="com.imagepicker.FileProvider"
122-->[:react-native-image-picker] AndroidManifest.xml:11:13-56
123            android:authorities="com.fundoonotes.provider"
123-->[:react-native-image-picker] AndroidManifest.xml:12:13-60
124            android:exported="false"
124-->[:react-native-image-picker] AndroidManifest.xml:13:13-37
125            android:grantUriPermissions="true" >
125-->[:react-native-image-picker] AndroidManifest.xml:14:13-47
126            <meta-data
126-->[:react-native-image-picker] AndroidManifest.xml:15:13-17:58
127                android:name="android.support.FILE_PROVIDER_PATHS"
127-->[:react-native-image-picker] AndroidManifest.xml:16:17-67
128                android:resource="@xml/provider_paths" />
128-->[:react-native-image-picker] AndroidManifest.xml:17:17-55
129        </provider>
130        <!--
131             FirebaseMessagingService performs security checks at runtime,
132             but set to not exported to explicitly avoid allowing another app to call it.
133        -->
134        <service
134-->[com.google.firebase:firebase-messaging:20.1.0] AndroidManifest.xml:28:9-34:19
135            android:name="com.google.firebase.messaging.FirebaseMessagingService"
135-->[com.google.firebase:firebase-messaging:20.1.0] AndroidManifest.xml:29:13-82
136            android:exported="false" >
136-->[com.google.firebase:firebase-messaging:20.1.0] AndroidManifest.xml:30:13-37
137            <intent-filter android:priority="-500" >
137-->src/main/AndroidManifest.xml:84:13-86:29
138                <action android:name="com.google.firebase.MESSAGING_EVENT" />
138-->src/main/AndroidManifest.xml:85:17-78
138-->src/main/AndroidManifest.xml:85:25-75
139            </intent-filter>
140        </service>
141        <service
141-->[com.google.firebase:firebase-messaging:20.1.0] AndroidManifest.xml:35:9-41:19
142            android:name="com.google.firebase.components.ComponentDiscoveryService"
142-->[com.google.firebase:firebase-messaging:20.1.0] AndroidManifest.xml:36:13-84
143            android:directBootAware="true"
143-->[com.google.firebase:firebase-common:19.3.0] AndroidManifest.xml:34:13-43
144            android:exported="false" >
144-->[com.google.firebase:firebase-messaging:20.1.0] AndroidManifest.xml:37:13-37
145            <meta-data
145-->[com.google.firebase:firebase-messaging:20.1.0] AndroidManifest.xml:38:13-40:85
146                android:name="com.google.firebase.components:com.google.firebase.messaging.FirebaseMessagingRegistrar"
146-->[com.google.firebase:firebase-messaging:20.1.0] AndroidManifest.xml:39:17-119
147                android:value="com.google.firebase.components.ComponentRegistrar" />
147-->[com.google.firebase:firebase-messaging:20.1.0] AndroidManifest.xml:40:17-82
148            <meta-data
148-->[com.google.firebase:firebase-datatransport:17.0.3] AndroidManifest.xml:28:13-30:85
149                android:name="com.google.firebase.components:com.google.firebase.datatransport.TransportRegistrar"
149-->[com.google.firebase:firebase-datatransport:17.0.3] AndroidManifest.xml:29:17-115
150                android:value="com.google.firebase.components.ComponentRegistrar" />
150-->[com.google.firebase:firebase-datatransport:17.0.3] AndroidManifest.xml:30:17-82
151            <meta-data
151-->[com.google.firebase:firebase-iid:20.0.2] AndroidManifest.xml:32:13-34:85
152                android:name="com.google.firebase.components:com.google.firebase.iid.Registrar"
152-->[com.google.firebase:firebase-iid:20.0.2] AndroidManifest.xml:33:17-96
153                android:value="com.google.firebase.components.ComponentRegistrar" />
153-->[com.google.firebase:firebase-iid:20.0.2] AndroidManifest.xml:34:17-82
154        </service>
155        <service
155-->[com.google.android.datatransport:transport-backend-cct:2.2.0] AndroidManifest.xml:29:9-35:19
156            android:name="com.google.android.datatransport.runtime.backends.TransportBackendDiscovery"
156-->[com.google.android.datatransport:transport-backend-cct:2.2.0] AndroidManifest.xml:30:13-103
157            android:exported="false" >
157-->[com.google.android.datatransport:transport-backend-cct:2.2.0] AndroidManifest.xml:31:13-37
158            <meta-data
158-->[com.google.android.datatransport:transport-backend-cct:2.2.0] AndroidManifest.xml:32:13-34:39
159                android:name="backend:com.google.android.datatransport.cct.CctBackendFactory"
159-->[com.google.android.datatransport:transport-backend-cct:2.2.0] AndroidManifest.xml:33:17-94
160                android:value="cct" />
160-->[com.google.android.datatransport:transport-backend-cct:2.2.0] AndroidManifest.xml:34:17-36
161        </service>
162        <service
162-->[com.google.android.datatransport:transport-runtime:2.2.0] AndroidManifest.xml:26:9-30:19
163            android:name="com.google.android.datatransport.runtime.scheduling.jobscheduling.JobInfoSchedulerService"
163-->[com.google.android.datatransport:transport-runtime:2.2.0] AndroidManifest.xml:27:13-117
164            android:exported="false"
164-->[com.google.android.datatransport:transport-runtime:2.2.0] AndroidManifest.xml:28:13-37
165            android:permission="android.permission.BIND_JOB_SERVICE" >
165-->[com.google.android.datatransport:transport-runtime:2.2.0] AndroidManifest.xml:29:13-69
166        </service>
167
168        <receiver
168-->[com.google.android.datatransport:transport-runtime:2.2.0] AndroidManifest.xml:32:9-34:40
169            android:name="com.google.android.datatransport.runtime.scheduling.jobscheduling.AlarmManagerSchedulerBroadcastReceiver"
169-->[com.google.android.datatransport:transport-runtime:2.2.0] AndroidManifest.xml:33:13-132
170            android:exported="false" />
170-->[com.google.android.datatransport:transport-runtime:2.2.0] AndroidManifest.xml:34:13-37
171        <receiver
171-->[com.google.firebase:firebase-iid:20.0.2] AndroidManifest.xml:37:9-44:20
172            android:name="com.google.firebase.iid.FirebaseInstanceIdReceiver"
172-->[com.google.firebase:firebase-iid:20.0.2] AndroidManifest.xml:38:13-78
173            android:exported="true"
173-->[com.google.firebase:firebase-iid:20.0.2] AndroidManifest.xml:39:13-36
174            android:permission="com.google.android.c2dm.permission.SEND" >
174-->[com.google.firebase:firebase-iid:20.0.2] AndroidManifest.xml:40:13-73
175            <intent-filter>
175-->src/main/AndroidManifest.xml:74:13-76:29
176                <action android:name="com.google.android.c2dm.intent.RECEIVE" />
176-->src/main/AndroidManifest.xml:56:17-81
176-->src/main/AndroidManifest.xml:56:25-78
177            </intent-filter>
178        </receiver>
179
180        <provider
180-->[com.google.firebase:firebase-common:19.3.0] AndroidManifest.xml:26:9-30:39
181            android:name="com.google.firebase.provider.FirebaseInitProvider"
181-->[com.google.firebase:firebase-common:19.3.0] AndroidManifest.xml:27:13-77
182            android:authorities="com.fundoonotes.firebaseinitprovider"
182-->[com.google.firebase:firebase-common:19.3.0] AndroidManifest.xml:28:13-72
183            android:exported="false"
183-->[com.google.firebase:firebase-common:19.3.0] AndroidManifest.xml:29:13-37
184            android:initOrder="100" />
184-->[com.google.firebase:firebase-common:19.3.0] AndroidManifest.xml:30:13-36
185
186        <activity
186-->[com.google.android.gms:play-services-base:17.0.0] AndroidManifest.xml:23:9-26:75
187            android:name="com.google.android.gms.common.api.GoogleApiActivity"
187-->[com.google.android.gms:play-services-base:17.0.0] AndroidManifest.xml:24:13-79
188            android:exported="false"
188-->[com.google.android.gms:play-services-base:17.0.0] AndroidManifest.xml:25:13-37
189            android:theme="@android:style/Theme.Translucent.NoTitleBar" />
189-->[com.google.android.gms:play-services-base:17.0.0] AndroidManifest.xml:26:13-72
190
191        <meta-data
191-->[com.google.android.gms:play-services-basement:17.0.0] AndroidManifest.xml:23:9-25:69
192            android:name="com.google.android.gms.version"
192-->[com.google.android.gms:play-services-basement:17.0.0] AndroidManifest.xml:24:13-58
193            android:value="@integer/google_play_services_version" />
193-->[com.google.android.gms:play-services-basement:17.0.0] AndroidManifest.xml:25:13-66
194    </application>
195
196</manifest>